This file contains any messages produced by compilers while
running configure, to aid debugging if configure makes a mistake.

It was created by guichan configure 0.8.2, which was
generated by GNU Autoconf 2.64.  Invocation command line was

  $ ./configure 

## --------- ##
## Platform. ##
## --------- ##

hostname = flipper
uname -m = i686
uname -r = 1.0.12(0.46/3/2)
uname -s = MINGW32_NT-6.1
uname -v = 2010-02-05 01:08

/usr/bin/uname -p = unknown
/bin/uname -X     = unknown

/bin/arch              = unknown
/usr/bin/arch -k       = unknown
/usr/convex/getsysinfo = unknown
/usr/bin/hostinfo      = unknown
/bin/machine           = unknown
/usr/bin/oslevel       = unknown
/bin/universe          = unknown

PATH: /c/Users/steven/bin
PATH: .
PATH: /usr/local/bin
PATH: /mingw/bin
PATH: /bin
PATH: /c/Windows/system32
PATH: /c/Windows
PATH: /c/Windows/System32/Wbem
PATH: /c/Windows/System32/WindowsPowerShell/v1.0/
PATH: /c/Program Files (x86)/LilyPond/usr/bin
PATH: /c/Program Files (x86)/QuickTime/QTSystem/
PATH: /c/Program Files/Broadcom/Broadcom 802.11/Driver
PATH: /c/Program Files (x86)/ATI Technologies/ATI.ACE/Core-Static
PATH: /c/Program Files (x86)/MKVtoolnix


## ----------- ##
## Core tests. ##
## ----------- ##

configure:2541: checking build system type
configure:2555: result: i686-pc-mingw32
configure:2575: checking host system type
configure:2588: result: i686-pc-mingw32
configure:2608: checking target system type
configure:2621: result: i686-pc-mingw32
configure:2695: checking for a BSD-compatible install
configure:2763: result: ./install-sh -c
configure:2774: checking whether build environment is sane
configure:2824: result: yes
configure:2965: checking for a thread-safe mkdir -p
configure:3004: result: /bin/mkdir -p
configure:3017: checking for gawk
configure:3033: found /bin/gawk
configure:3044: result: gawk
configure:3055: checking whether make sets $(MAKE)
configure:3081: result: no
configure:3220: checking for g++
configure:3250: result: no
configure:3220: checking for c++
configure:3250: result: no
configure:3220: checking for gpp
configure:3250: result: no
configure:3220: checking for aCC
configure:3250: result: no
configure:3220: checking for CC
configure:3250: result: no
configure:3220: checking for cxx
configure:3250: result: no
configure:3220: checking for cc++
configure:3250: result: no
configure:3220: checking for cl.exe
configure:3250: result: no
configure:3220: checking for FCC
configure:3250: result: no
configure:3220: checking for KCC
configure:3250: result: no
configure:3220: checking for RCC
configure:3250: result: no
configure:3220: checking for xlC_r
configure:3250: result: no
configure:3220: checking for xlC
configure:3250: result: no
configure:3274: checking for C++ compiler version
configure:3283: g++ --version >&5
./configure: line 3285: g++: command not found
configure:3294: $? = 127
configure:3283: g++ -v >&5
./configure: line 3285: g++: command not found
configure:3294: $? = 127
configure:3283: g++ -V >&5
./configure: line 3285: g++: command not found
configure:3294: $? = 127
configure:3283: g++ -qversion >&5
./configure: line 3285: g++: command not found
configure:3294: $? = 127
configure:3316: checking for C++ compiler default output file name
configure:3338: g++    conftest.cpp  >&5
./configure: line 3340: g++: command not found
configure:3342: $? = 127
configure:3379: result: 
configure: failed program was:
| /* confdefs.h */
| #define PACKAGE_NAME "guichan"
| #define PACKAGE_TARNAME "guichan"
| #define PACKAGE_VERSION "0.8.2"
| #define PACKAGE_STRING "guichan 0.8.2"
| #define PACKAGE_BUGREPORT "olof.naessen@gmail.com"
| #define PACKAGE_URL ""
| #define PACKAGE "guichan"
| #define VERSION "0.8.2"
| /* end confdefs.h.  */
| #include <stdio.h>
| int
| main ()
| {
| FILE *f = fopen ("conftest.out", "w");
|  return ferror (f) || fclose (f) != 0;
| 
|   ;
|   return 0;
| }
configure:3385: error: in `/c/Users/steven/code/ifsFractalGen/guichan':
configure:3389: error: C++ compiler cannot create executables
See `config.log' for more details.

## ---------------- ##
## Cache variables. ##
## ---------------- ##

ac_cv_build=i686-pc-mingw32
ac_cv_env_CCC_set=
ac_cv_env_CCC_value=
ac_cv_env_CC_set=
ac_cv_env_CC_value=
ac_cv_env_CFLAGS_set=
ac_cv_env_CFLAGS_value=
ac_cv_env_CPPFLAGS_set=
ac_cv_env_CPPFLAGS_value=
ac_cv_env_CPP_set=
ac_cv_env_CPP_value=
ac_cv_env_CXXCPP_set=
ac_cv_env_CXXCPP_value=
ac_cv_env_CXXFLAGS_set=
ac_cv_env_CXXFLAGS_value=
ac_cv_env_CXX_set=
ac_cv_env_CXX_value=
ac_cv_env_LDFLAGS_set=
ac_cv_env_LDFLAGS_value=
ac_cv_env_LIBS_set=
ac_cv_env_LIBS_value=
ac_cv_env_build_alias_set=
ac_cv_env_build_alias_value=
ac_cv_env_host_alias_set=
ac_cv_env_host_alias_value=
ac_cv_env_target_alias_set=
ac_cv_env_target_alias_value=
ac_cv_host=i686-pc-mingw32
ac_cv_path_mkdir=/bin/mkdir
ac_cv_prog_AWK=gawk
ac_cv_prog_make_make_set=no
ac_cv_target=i686-pc-mingw32

## ----------------- ##
## Output variables. ##
## ----------------- ##

ACLOCAL='${SHELL} /c/Users/steven/code/ifsFractalGen/guichan/missing --run aclocal-1.11'
AMDEPBACKSLASH=''
AMDEP_FALSE=''
AMDEP_TRUE=''
AMTAR='${SHELL} /c/Users/steven/code/ifsFractalGen/guichan/missing --run tar'
AR=''
AS=''
AUTOCONF='${SHELL} /c/Users/steven/code/ifsFractalGen/guichan/missing --run autoconf'
AUTOHEADER='${SHELL} /c/Users/steven/code/ifsFractalGen/guichan/missing --run autoheader'
AUTOMAKE='${SHELL} /c/Users/steven/code/ifsFractalGen/guichan/missing --run automake-1.11'
AWK='gawk'
CC=''
CCDEPMODE=''
CFLAGS=''
CPP=''
CPPFLAGS=''
CXX='g++'
CXXCPP=''
CXXDEPMODE=''
CXXFLAGS=''
CYGPATH_W='echo'
DEFS=''
DEPDIR=''
DLLTOOL=''
DSYMUTIL=''
DUMPBIN=''
ECHO_C=''
ECHO_N='-n'
ECHO_T=''
EGREP=''
EXEEXT=''
FGREP=''
GREP=''
GUICHAN_BINARY_AGE='1'
GUICHAN_EXTRADIRS=''
GUICHAN_INTERFACE_AGE='0'
GUICHAN_MAJOR_VERSION='0'
GUICHAN_MICRO_VERSION='2'
GUICHAN_MINOR_VERSION='8'
GUICHAN_VERSION='0.8.2'
HAVE_ALLEGRO=''
HAVE_SDL=''
INSTALL_DATA='${INSTALL} -m 644'
INSTALL_PROGRAM='${INSTALL}'
INSTALL_SCRIPT='${INSTALL}'
INSTALL_STRIP_PROGRAM='$(install_sh) -c -s'
LD=''
LDFLAGS=''
LIBOBJS=''
LIBS=''
LIBTOOL=''
LIPO=''
LN_S=''
LTLIBOBJS=''
LT_AGE='1'
LT_CURRENT='2'
LT_RELEASE='0.8.1'
LT_REVISION='0'
MAKEINFO='${SHELL} /c/Users/steven/code/ifsFractalGen/guichan/missing --run makeinfo'
MKDIR_P='/bin/mkdir -p'
NM=''
NMEDIT=''
OBJDUMP=''
OBJEXT=''
OTOOL64=''
OTOOL=''
PACKAGE='guichan'
PACKAGE_BUGREPORT='olof.naessen@gmail.com'
PACKAGE_NAME='guichan'
PACKAGE_STRING='guichan 0.8.2'
PACKAGE_TARNAME='guichan'
PACKAGE_URL=''
PACKAGE_VERSION='0.8.2'
PATH_SEPARATOR=':'
RANLIB=''
SED=''
SET_MAKE='MAKE=make'
SHELL='/bin/sh'
STRIP=''
VERSION='0.8.2'
ac_ct_CC=''
ac_ct_CXX=''
ac_ct_DUMPBIN=''
am__EXEEXT_FALSE=''
am__EXEEXT_TRUE=''
am__fastdepCC_FALSE=''
am__fastdepCC_TRUE=''
am__fastdepCXX_FALSE=''
am__fastdepCXX_TRUE=''
am__include=''
am__isrc=''
am__leading_dot='.'
am__quote=''
am__tar='${AMTAR} chof - "$$tardir"'
am__untar='${AMTAR} xf -'
bindir='${exec_prefix}/bin'
build='i686-pc-mingw32'
build_alias=''
build_cpu='i686'
build_os='mingw32'
build_vendor='pc'
datadir='${datarootdir}'
datarootdir='${prefix}/share'
docdir='${datarootdir}/doc/${PACKAGE_TARNAME}'
dvidir='${docdir}'
exec_prefix='NONE'
host='i686-pc-mingw32'
host_alias=''
host_cpu='i686'
host_os='mingw32'
host_vendor='pc'
htmldir='${docdir}'
includedir='${prefix}/include'
infodir='${datarootdir}/info'
install_sh='${SHELL} /c/Users/steven/code/ifsFractalGen/guichan/install-sh'
libdir='${exec_prefix}/lib'
libexecdir='${exec_prefix}/libexec'
localedir='${datarootdir}/locale'
localstatedir='${prefix}/var'
lt_ECHO='echo'
mandir='${datarootdir}/man'
mkdir_p='/bin/mkdir -p'
oldincludedir='/usr/include'
pdfdir='${docdir}'
prefix='NONE'
program_transform_name='s,x,x,'
psdir='${docdir}'
sbindir='${exec_prefix}/sbin'
sharedstatedir='${prefix}/com'
sysconfdir='${prefix}/etc'
target='i686-pc-mingw32'
target_alias=''
target_cpu='i686'
target_os='mingw32'
target_vendor='pc'

## ----------- ##
## confdefs.h. ##
## ----------- ##

/* confdefs.h */
#define PACKAGE_NAME "guichan"
#define PACKAGE_TARNAME "guichan"
#define PACKAGE_VERSION "0.8.2"
#define PACKAGE_STRING "guichan 0.8.2"
#define PACKAGE_BUGREPORT "olof.naessen@gmail.com"
#define PACKAGE_URL ""
#define PACKAGE "guichan"
#define VERSION "0.8.2"

configure: exit 77
